<?xml version="1.0" encoding="UTF-8" ?>
<testsuite tests="3" failures="0" name="service.globalsearch.OneDimensionalGlobalSearchTest" time="0.022" errors="0" skipped="0">
  <properties>
    <property name="idea.version" value="2021.2.2"/>
    <property name="java.runtime.name" value="OpenJDK Runtime Environment"/>
    <property name="java.vm.version" value="15.0.2+7"/>
    <property name="sun.boot.library.path" value="C:\Work\jdks\jdk_15_coretto\bin"/>
    <property name="maven.wagon.http.ssl.insecure" value="true"/>
    <property name="maven.multiModuleProjectDirectory" value="C:\Work\projects\study\Manipulator"/>
    <property name="java.vm.vendor" value="Amazon.com Inc."/>
    <property name="java.vendor.url" value="https://aws.amazon.com/corretto/"/>
    <property name="guice.disable.misplaced.annotation.check" value="true"/>
    <property name="path.separator" value=";"/>
    <property name="java.vm.name" value="OpenJDK 64-Bit Server VM"/>
    <property name="sun.os.patch.level" value=""/>
    <property name="user.script" value=""/>
    <property name="user.country" value="RU"/>
    <property name="sun.java.launcher" value="SUN_STANDARD"/>
    <property name="java.vm.specification.name" value="Java Virtual Machine Specification"/>
    <property name="user.dir" value="C:\Work\projects\study\Manipulator"/>
    <property name="java.vm.compressedOopsMode" value="Zero based"/>
    <property name="java.runtime.version" value="15.0.2+7"/>
    <property name="os.arch" value="amd64"/>
    <property name="java.io.tmpdir" value="C:\Users\19717733\AppData\Local\Temp\"/>
    <property name="line.separator" value="
"/>
    <property name="java.vm.specification.vendor" value="Oracle Corporation"/>
    <property name="user.variant" value=""/>
    <property name="os.name" value="Windows 10"/>
    <property name="maven.ext.class.path" value="C:\Program Files (x86)\JetBrains\IntelliJ IDEA 2021.2.2\plugins\maven\lib\maven-event-listener.jar"/>
    <property name="classworlds.conf" value="C:\Program Files (x86)\JetBrains\IntelliJ IDEA 2021.2.2\plugins\maven\lib\maven3\bin\m2.conf"/>
    <property name="sun.jnu.encoding" value="Cp1251"/>
    <property name="java.library.path" value="C:\Work\jdks\jdk_15_coretto\bin;C:\WINDOWS\Sun\Java\bin;C:\WINDOWS\system32;C:\WINDOWS;C:\Program Files (x86)\Common Files\Oracle\Java\javapath;C:\WINDOWS\system32;C:\WINDOWS;C:\WINDOWS\System32\Wbem;C:\WINDOWS\System32\WindowsPowerShell\v1.0\;C:\WINDOWS\System32\OpenSSH\;C:\Program Files (x86)\Sennheiser\SenncomSDK\;C:\Users\19717733\AppData\Local\Microsoft\WindowsApps;C:\Work\jdks\jdk_15_coretto\bin;C:\Work\programs\node-v14.18.2-win-x64;C:\Program Files (x86)\apache-maven-3.8.3\bin;C:\Work\programs\PortableGit\bin;C:\Work\programs\PortableGit\cmd;C:\Users\19717733\AppData\Local\Apps\cURL\bin;."/>
    <property name="maven.conf" value="C:\Program Files (x86)\JetBrains\IntelliJ IDEA 2021.2.2\plugins\maven\lib\maven3/conf"/>
    <property name="javax.net.ssl.trustStore" value="C:\Work\files\certs\keystore.jks"/>
    <property name="jdk.debug" value="release"/>
    <property name="java.class.version" value="59.0"/>
    <property name="java.specification.name" value="Java Platform API Specification"/>
    <property name="sun.management.compiler" value="HotSpot 64-Bit Tiered Compilers"/>
    <property name="os.version" value="10.0"/>
    <property name="maven.wagon.http.ssl.allowall" value="true"/>
    <property name="user.home" value="C:\Users\19717733"/>
    <property name="user.timezone" value="Europe/Moscow"/>
    <property name="file.encoding" value="UTF-8"/>
    <property name="java.specification.version" value="15"/>
    <property name="user.name" value="19717733"/>
    <property name="java.class.path" value="C:\Program Files (x86)\JetBrains\IntelliJ IDEA 2021.2.2\plugins\maven\lib\maven3\boot\plexus-classworlds-2.6.0.jar;C:\Program Files (x86)\JetBrains\IntelliJ IDEA 2021.2.2\plugins\maven\lib\maven3\boot\plexus-classworlds.license"/>
    <property name="java.vm.specification.version" value="15"/>
    <property name="sun.arch.data.model" value="64"/>
    <property name="sun.java.command" value="org.codehaus.classworlds.Launcher -Didea.version=2021.2.2 install"/>
    <property name="java.home" value="C:\Work\jdks\jdk_15_coretto"/>
    <property name="user.language" value="ru"/>
    <property name="java.specification.vendor" value="Oracle Corporation"/>
    <property name="java.vm.info" value="mixed mode, sharing"/>
    <property name="java.version" value="15.0.2"/>
    <property name="maven.wagon.http.ssl.ignore.validity.dates" value="true"/>
    <property name="java.vendor" value="Amazon.com Inc."/>
    <property name="maven.home" value="C:\Program Files (x86)\JetBrains\IntelliJ IDEA 2021.2.2\plugins\maven\lib\maven3"/>
    <property name="file.separator" value="\"/>
    <property name="java.version.date" value="2021-01-19"/>
    <property name="java.vendor.url.bug" value="https://github.com/corretto/corretto-jdk/issues/"/>
    <property name="sun.io.unicode.encoding" value="UnicodeLittle"/>
    <property name="sun.cpu.endian" value="little"/>
    <property name="java.vendor.version" value="Corretto-15.0.2.7.1"/>
    <property name="javax.net.ssl.trustStorePassword" value="changeit"/>
    <property name="sun.cpu.isalist" value="amd64"/>
  </properties>
  <testcase classname="service.globalsearch.OneDimensionalGlobalSearchTest" name="mainTest" time="0.021"/>
  <testcase classname="service.globalsearch.OneDimensionalGlobalSearchTest" name="oneIterationTest" time="0"/>
  <testcase classname="service.globalsearch.OneDimensionalGlobalSearchTest" name="multipleIterationsTest" time="0.001"/>
</testsuite>